<?xml version="1.0" encoding="UTF-8"?>
<!-- Generated by org.testng.reporters.JUnitReportReporter -->
<testsuite hostname="LAPTOP-A4VES5R4" failures="0" tests="4" name="TestNgPractice.StringPrograms" time="0.010" errors="0" timestamp="2025-06-17T08:07:25 IST" skipped="0">
  <testcase classname="TestNgPractice.StringPrograms" name="upperCaseString" time="0.001"/>
  <testcase classname="TestNgPractice.StringPrograms" name="lowerCaseString" time="0.007"/>
  <testcase classname="TestNgPractice.StringPrograms" name="stringconcat" time="0.001"/>
  <testcase classname="TestNgPractice.StringPrograms" name="reverseString" time="0.001"/>
</testsuite> <!-- TestNgPractice.StringPrograms -->
