<?xml version="1.0" encoding="UTF-8"?>
<!-- Generated by org.testng.reporters.JUnitReportReporter -->
<testsuite hostname="LAPTOP-A4VES5R4" failures="0" tests="4" name="Tests.TestPracticeTestNg" time="0.011" errors="0" timestamp="2025-05-20T08:05:22 IST" skipped="0">
  <testcase classname="Tests.TestPracticeTestNg" name="multiplication" time="0.001"/>
  <testcase classname="Tests.TestPracticeTestNg" name="division" time="0.007"/>
  <testcase classname="Tests.TestPracticeTestNg" name="substraction" time="0.002"/>
  <testcase classname="Tests.TestPracticeTestNg" name="modulous" time="0.001"/>
</testsuite> <!-- Tests.TestPracticeTestNg -->
