<?xml version="1.0" encoding="UTF-8"?>
<!-- Generated by org.testng.reporters.JUnitReportReporter -->
<testsuite hostname="LAPTOP-A4VES5R4" failures="0" tests="1" name="SampleTests.SwitchToAllWindows" time="16.051" errors="0" timestamp="2025-06-27T16:09:58 IST" skipped="0">
  <testcase classname="SampleTests.SwitchToAllWindows" name="NavigateToAllWindows" time="16.051"/>
</testsuite> <!-- SampleTests.SwitchToAllWindows -->
