<?xml version="1.0" encoding="UTF-8"?>
<!-- Generated by org.testng.reporters.JUnitReportReporter -->
<testsuite hostname="LAPTOP-A4VES5R4" failures="0" tests="2" name="SampleTests.findSecLargest" time="0.009" errors="0" timestamp="2025-06-26T15:18:38 IST" skipped="0">
  <testcase classname="SampleTests.findSecLargest" name="checkRepeat" time="0.007"/>
  <testcase classname="SampleTests.findSecLargest" name="sorting" time="0.002"/>
</testsuite> <!-- SampleTests.findSecLargest -->
