<?xml version="1.0" encoding="UTF-8"?>
<!-- Generated by org.testng.reporters.JUnitReportReporter -->
<testsuite hostname="LAPTOP-A4VES5R4" failures="0" tests="1" name="SamplePrograms.basic" time="0.015" errors="0" timestamp="2025-06-27T15:40:34 IST" skipped="0">
  <testcase classname="SamplePrograms.basic" name="reverseOrder" time="0.015"/>
</testsuite> <!-- SamplePrograms.basic -->
