<?xml version="1.0" encoding="UTF-8"?>
<!-- Generated by org.testng.reporters.JUnitReportReporter -->
<testsuite hostname="LAPTOP-A4VES5R4" failures="0" tests="3" name="TestNgPractice.TestStreamProg" time="0.008" errors="0" timestamp="2025-06-17T09:20:56 IST" skipped="0">
  <testcase classname="TestNgPractice.TestStreamProg" name="findMax" time="0.002"/>
  <testcase classname="TestNgPractice.TestStreamProg" name="MultiplyAll" time="0.004"/>
  <testcase classname="TestNgPractice.TestStreamProg" name="findMin" time="0.002"/>
</testsuite> <!-- TestNgPractice.TestStreamProg -->
