<?xml version="1.0" encoding="UTF-8"?>
<!-- Generated by org.testng.reporters.JUnitReportReporter -->
<testsuite hostname="LAPTOP-A4VES5R4" failures="0" tests="1" name="SamplePrograms.BasicProg" time="0.010" errors="0" timestamp="2025-06-27T22:09:10 IST" skipped="0">
  <testcase classname="SamplePrograms.BasicProg" name="prime" time="0.010"/>
</testsuite> <!-- SamplePrograms.BasicProg -->
