<?xml version="1.0" encoding="UTF-8"?>
<!-- Generated by org.testng.reporters.JUnitReportReporter -->
<testsuite hostname="LAPTOP-A4VES5R4" failures="0" tests="6" name="SampleTests.TestNgSampleTests" time="0.011" errors="0" timestamp="2025-06-25T17:12:56 IST" skipped="0">
  <testcase classname="SampleTests.TestNgSampleTests" name="StringSorting" time="0.005"/>
  <testcase classname="SampleTests.TestNgSampleTests" name="sortArray" time="0.001"/>
  <testcase classname="SampleTests.TestNgSampleTests" name="priority1" time="0.001"/>
  <testcase classname="SampleTests.TestNgSampleTests" name="priority2" time="0.002"/>
  <testcase classname="SampleTests.TestNgSampleTests" name="priority3" time="0.001"/>
  <testcase classname="SampleTests.TestNgSampleTests" name="priority5" time="0.001"/>
</testsuite> <!-- SampleTests.TestNgSampleTests -->
