<?xml version="1.0" encoding="UTF-8"?>
<!-- Generated by org.testng.reporters.JUnitReportReporter -->
<testsuite hostname="LAPTOP-A4VES5R4" failures="0" tests="5" name="SampleTests.TestPracticeTestNg" time="0.005" errors="0" timestamp="2025-06-25T17:12:56 IST" skipped="0">
  <testcase classname="SampleTests.TestPracticeTestNg" name="modulous" time="0.001"/>
  <testcase classname="SampleTests.TestPracticeTestNg" name="addition" time="0.001"/>
  <testcase classname="SampleTests.TestPracticeTestNg" name="division" time="0.001"/>
  <testcase classname="SampleTests.TestPracticeTestNg" name="multiplication" time="0.001"/>
  <testcase classname="SampleTests.TestPracticeTestNg" name="substraction" time="0.001"/>
</testsuite> <!-- SampleTests.TestPracticeTestNg -->
