<?xml version="1.0" encoding="UTF-8"?>
<!-- Generated by org.testng.reporters.JUnitReportReporter -->
<testsuite hostname="LAPTOP-A4VES5R4" failures="0" tests="1" name="Tests.TestStreams" time="5.646" errors="0" timestamp="2025-05-19T20:38:44 IST" skipped="0">
  <testcase classname="Tests.TestStreams" name="countOccurancesIntegers" time="5.646"/>
</testsuite> <!-- Tests.TestStreams -->
