<?xml version="1.0" encoding="UTF-8"?>
<!-- Generated by org.testng.reporters.JUnitReportReporter -->
<testsuite hostname="LAPTOP-A4VES5R4" failures="0" tests="4" name="SampleTests.TestArrayProg" time="0.016" errors="0" timestamp="2025-06-17T07:47:58 IST" skipped="0">
  <testcase classname="SampleTests.TestArrayProg" name="findMin" time="0.010"/>
  <testcase classname="SampleTests.TestArrayProg" name="findMax" time="0.002"/>
  <testcase classname="SampleTests.TestArrayProg" name="MultiplyAll" time="0.002"/>
  <testcase classname="SampleTests.TestArrayProg" name="sumOfAll" time="0.002"/>
</testsuite> <!-- SampleTests.TestArrayProg -->
