<?xml version="1.0" encoding="UTF-8"?>
<!-- Generated by org.testng.reporters.JUnitReportReporter -->
<testsuite hostname="LAPTOP-A4VES5R4" failures="0" tests="3" name="Tests.TestArrayProg" time="0.006" errors="0" timestamp="2025-05-20T08:05:22 IST" skipped="0">
  <testcase classname="Tests.TestArrayProg" name="MultiplyAll" time="0.002"/>
  <testcase classname="Tests.TestArrayProg" name="findMax" time="0.001"/>
  <testcase classname="Tests.TestArrayProg" name="sumOfAll" time="0.003"/>
</testsuite> <!-- Tests.TestArrayProg -->
