<?xml version="1.0" encoding="UTF-8"?>
<!-- Generated by org.testng.reporters.JUnitReportReporter -->
<testsuite hostname="LAPTOP-A4VES5R4" failures="0" tests="6" name="SampleTests.TestLogin" time="10.873" errors="0" timestamp="2025-06-16T15:33:52 IST" skipped="0">
  <testcase classname="SampleTests.TestLogin" name="clickOnLeave" time="1.256"/>
  <testcase classname="SampleTests.TestLogin" name="clickOnPIM" time="1.480"/>
  <testcase classname="SampleTests.TestLogin" name="clickOnAdmin" time="3.198"/>
  <testcase classname="SampleTests.TestLogin" name="clickOnMyInfo" time="1.540"/>
  <testcase classname="SampleTests.TestLogin" name="clickOnRecruitment" time="1.359"/>
  <testcase classname="SampleTests.TestLogin" name="clickOnTime" time="2.040"/>
</testsuite> <!-- SampleTests.TestLogin -->
