<?xml version="1.0" encoding="UTF-8"?>
<!-- Generated by org.testng.reporters.JUnitReportReporter -->
<testsuite hostname="LAPTOP-A4VES5R4" failures="0" tests="3" name="SampleTests.TestArrayProg" time="0.013" errors="0" timestamp="2025-06-26T09:52:21 IST" skipped="0">
  <testcase classname="SampleTests.TestArrayProg" name="sortReverse" time="0.002"/>
  <testcase classname="SampleTests.TestArrayProg" name="findAverage" time="0.010"/>
  <testcase classname="SampleTests.TestArrayProg" name="sortedArray" time="0.001"/>
</testsuite> <!-- SampleTests.TestArrayProg -->
