<?xml version="1.0" encoding="UTF-8"?>
<!-- Generated by org.testng.reporters.JUnitReportReporter -->
<testsuite hostname="LAPTOP-A4VES5R4" failures="0" tests="4" name="SampleTests.sortArray" time="0.022" errors="0" timestamp="2025-06-27T16:11:20 IST" skipped="0">
  <testcase classname="SampleTests.sortArray" name="sorting" time="0.007"/>
  <testcase classname="SampleTests.sortArray" name="countOccurances" time="0.011"/>
  <testcase classname="SampleTests.sortArray" name="printCount" time="0.003"/>
  <testcase classname="SampleTests.sortArray" name="reverseString" time="0.001"/>
</testsuite> <!-- SampleTests.sortArray -->
