<?xml version="1.0" encoding="UTF-8"?>
<!-- Generated by org.testng.reporters.JUnitReportReporter -->
<testsuite hostname="LAPTOP-A4VES5R4" failures="0" tests="1" name="SampleTests.NestedFrames" time="6.435" errors="0" timestamp="2025-06-23T14:19:51 IST" skipped="0">
  <testcase classname="SampleTests.NestedFrames" name="nestedFrameOperations" time="6.435"/>
</testsuite> <!-- SampleTests.NestedFrames -->
